17-Jan-2025 13:01:48.271 INFO [main] org.apache.catalina.startup.VersionLoggerListener.log 서버 버전 이름:    Apache Tomcat/9.0.97
17-Jan-2025 13:01:48.275 INFO [main] org.apache.catalina.startup.VersionLoggerListener.log Server 빌드 시각:  Nov 6 2024 19:55:19 UTC
17-Jan-2025 13:01:48.275 INFO [main] org.apache.catalina.startup.VersionLoggerListener.log Server 버전 번호:  9.0.97.0
17-Jan-2025 13:01:48.275 INFO [main] org.apache.catalina.startup.VersionLoggerListener.log 운영체제 이름:     Windows 10
17-Jan-2025 13:01:48.275 INFO [main] org.apache.catalina.startup.VersionLoggerListener.log 운영체제 버전:     10.0
17-Jan-2025 13:01:48.275 INFO [main] org.apache.catalina.startup.VersionLoggerListener.log 아키텍처:          amd64
17-Jan-2025 13:01:48.276 INFO [main] org.apache.catalina.startup.VersionLoggerListener.log 자바 홈:           C:\Users\1\.jdks\openjdk-23.0.1
17-Jan-2025 13:01:48.276 INFO [main] org.apache.catalina.startup.VersionLoggerListener.log JVM 버전:          23.0.1+11-39
17-Jan-2025 13:01:48.276 INFO [main] org.apache.catalina.startup.VersionLoggerListener.log JVM 벤더:          Oracle Corporation
17-Jan-2025 13:01:48.276 INFO [main] org.apache.catalina.startup.VersionLoggerListener.log CATALINA_BASE:     C:\Users\1\Desktop\Downloads\newliv\livinglab\conf
17-Jan-2025 13:01:48.276 INFO [main] org.apache.catalina.startup.VersionLoggerListener.log CATALINA_HOME:     C:\Program Files\Apache Software Foundation\apache-tomcat-9.0.97
17-Jan-2025 13:01:48.283 INFO [main] org.apache.catalina.startup.VersionLoggerListener.log 명령 행 아규먼트:  --add-opens=java.base/java.lang=ALL-UNNAMED
17-Jan-2025 13:01:48.284 INFO [main] org.apache.catalina.startup.VersionLoggerListener.log 명령 행 아규먼트:  --add-opens=java.base/java.io=ALL-UNNAMED
17-Jan-2025 13:01:48.284 INFO [main] org.apache.catalina.startup.VersionLoggerListener.log 명령 행 아규먼트:  --add-opens=java.base/java.util=ALL-UNNAMED
17-Jan-2025 13:01:48.284 INFO [main] org.apache.catalina.startup.VersionLoggerListener.log 명령 행 아규먼트:  --add-opens=java.base/java.util.concurrent=ALL-UNNAMED
17-Jan-2025 13:01:48.284 INFO [main] org.apache.catalina.startup.VersionLoggerListener.log 명령 행 아규먼트:  --add-opens=java.rmi/sun.rmi.transport=ALL-UNNAMED
17-Jan-2025 13:01:48.284 INFO [main] org.apache.catalina.startup.VersionLoggerListener.log 명령 행 아규먼트:  -Dcatalina.home=C:\Program Files\Apache Software Foundation\apache-tomcat-9.0.97
17-Jan-2025 13:01:48.284 INFO [main] org.apache.catalina.startup.VersionLoggerListener.log 명령 행 아규먼트:  -Dcatalina.base=C:\Users\1\Desktop\Downloads\newliv\livinglab\conf
17-Jan-2025 13:01:48.285 INFO [main] org.apache.catalina.startup.VersionLoggerListener.log 명령 행 아규먼트:  -Djava.io.tmpdir=C:\Users\1\Desktop\Downloads\newliv\livinglab\conf\temp
17-Jan-2025 13:01:48.285 INFO [main] org.apache.catalina.startup.VersionLoggerListener.log 명령 행 아규먼트:  -Djava.util.logging.config.file=C:\Users\1\Desktop\Downloads\newliv\livinglab\conf\conf\logging.properties
17-Jan-2025 13:01:48.285 INFO [main] org.apache.catalina.startup.VersionLoggerListener.log 명령 행 아규먼트:  -Djava.util.logging.manager=org.apache.juli.ClassLoaderLogManager
17-Jan-2025 13:01:48.285 INFO [main] org.apache.catalina.startup.VersionLoggerListener.log 명령 행 아규먼트:  -javaagent:C:\Program Files\JetBrains\IntelliJ IDEA 2023.1.2\lib\idea_rt.jar=11794:C:\Program Files\JetBrains\IntelliJ IDEA 2023.1.2\bin
17-Jan-2025 13:01:48.286 INFO [main] org.apache.catalina.startup.VersionLoggerListener.log 명령 행 아규먼트:  -Dfile.encoding=UTF-8
17-Jan-2025 13:01:48.286 INFO [main] org.apache.catalina.startup.VersionLoggerListener.log 명령 행 아규먼트:  -Dsun.stdout.encoding=UTF-8
17-Jan-2025 13:01:48.286 INFO [main] org.apache.catalina.startup.VersionLoggerListener.log 명령 행 아규먼트:  -Dsun.stderr.encoding=UTF-8
17-Jan-2025 13:01:48.293 INFO [main] org.apache.catalina.core.AprLifecycleListener.lifecycleEvent APR 버전 [1.7.4]을(를) 사용한, APR 기반 Apache Tomcat Native 라이브러리 [1.3.1]을(를) 로드했습니다.
17-Jan-2025 13:01:48.293 INFO [main] org.apache.catalina.core.AprLifecycleListener.lifecycleEvent APR 용량정보들: IPv6 [true], sendfile [true], accept filters [false], random [true], UDS [true].
17-Jan-2025 13:01:48.293 INFO [main] org.apache.catalina.core.AprLifecycleListener.lifecycleEvent APR/OpenSSL 설정: useAprConnector [false], useOpenSSL [true]
17-Jan-2025 13:01:48.312 INFO [main] org.apache.catalina.core.AprLifecycleListener.initializeSSL OpenSSL이 성공적으로 초기화되었습니다: [OpenSSL 3.0.14 4 Jun 2024]
17-Jan-2025 13:01:48.718 INFO [main] org.apache.coyote.AbstractProtocol.init 프로토콜 핸들러 ["http-nio-8082"]을(를) 초기화합니다.
17-Jan-2025 13:01:48.739 INFO [main] org.apache.catalina.startup.Catalina.load [750] 밀리초 내에 서버가 초기화되었습니다.
17-Jan-2025 13:01:48.797 INFO [main] org.apache.catalina.core.StandardService.startInternal 서비스 [Catalina]을(를) 시작합니다.
17-Jan-2025 13:01:48.797 INFO [main] org.apache.catalina.core.StandardEngine.startInternal 서버 엔진을 시작합니다: [Apache Tomcat/9.0.97]
17-Jan-2025 13:01:48.807 INFO [main] org.apache.catalina.startup.HostConfig.deployDescriptor 배치 descriptor [C:\Users\1\Desktop\Downloads\newliv\livinglab\conf\conf\Catalina\localhost\ROOT.xml]을(를) 배치합니다.
17-Jan-2025 13:01:49.258 INFO [main] org.apache.catalina.startup.HostConfig.deployDescriptor 배치 descriptor [C:\Users\1\Desktop\Downloads\newliv\livinglab\conf\conf\Catalina\localhost\ROOT.xml]의 배치가 [448] 밀리초 내에 완료되었습니다.
17-Jan-2025 13:01:49.265 INFO [main] org.apache.coyote.AbstractProtocol.start 프로토콜 핸들러 ["http-nio-8082"]을(를) 시작합니다.
17-Jan-2025 13:01:49.296 INFO [main] org.apache.catalina.startup.Catalina.start 서버가 [555] 밀리초 내에 시작되었습니다.
17-Jan-2025 13:02:06.154 INFO [Thread-1] org.apache.coyote.AbstractProtocol.pause 프로토콜 핸들러 ["http-nio-8082"]을(를) 일시 정지 중
17-Jan-2025 13:02:06.162 INFO [Thread-1] org.apache.catalina.core.StandardService.stopInternal 서비스 [Catalina]을(를) 중지시킵니다.
17-Jan-2025 13:02:06.170 INFO [Thread-1] org.apache.coyote.AbstractProtocol.stop 프로토콜 핸들러 ["http-nio-8082"]을(를) 중지시킵니다.
17-Jan-2025 13:02:06.175 INFO [Thread-1] org.apache.coyote.AbstractProtocol.destroy 프로토콜 핸들러 ["http-nio-8082"]을(를) 소멸시킵니다.
17-Jan-2025 13:02:15.947 INFO [main] org.apache.catalina.startup.VersionLoggerListener.log 서버 버전 이름:    Apache Tomcat/9.0.97
17-Jan-2025 13:02:15.959 INFO [main] org.apache.catalina.startup.VersionLoggerListener.log Server 빌드 시각:  Nov 6 2024 19:55:19 UTC
17-Jan-2025 13:02:15.959 INFO [main] org.apache.catalina.startup.VersionLoggerListener.log Server 버전 번호:  9.0.97.0
17-Jan-2025 13:02:15.960 INFO [main] org.apache.catalina.startup.VersionLoggerListener.log 운영체제 이름:     Windows 10
17-Jan-2025 13:02:15.960 INFO [main] org.apache.catalina.startup.VersionLoggerListener.log 운영체제 버전:     10.0
17-Jan-2025 13:02:15.960 INFO [main] org.apache.catalina.startup.VersionLoggerListener.log 아키텍처:          amd64
17-Jan-2025 13:02:15.960 INFO [main] org.apache.catalina.startup.VersionLoggerListener.log 자바 홈:           C:\Users\1\.jdks\openjdk-23.0.1
17-Jan-2025 13:02:15.960 INFO [main] org.apache.catalina.startup.VersionLoggerListener.log JVM 버전:          23.0.1+11-39
17-Jan-2025 13:02:15.960 INFO [main] org.apache.catalina.startup.VersionLoggerListener.log JVM 벤더:          Oracle Corporation
17-Jan-2025 13:02:15.960 INFO [main] org.apache.catalina.startup.VersionLoggerListener.log CATALINA_BASE:     C:\Users\1\Desktop\Downloads\newliv\livinglab\conf
17-Jan-2025 13:02:15.960 INFO [main] org.apache.catalina.startup.VersionLoggerListener.log CATALINA_HOME:     C:\Program Files\Apache Software Foundation\apache-tomcat-9.0.97
17-Jan-2025 13:02:15.968 INFO [main] org.apache.catalina.startup.VersionLoggerListener.log 명령 행 아규먼트:  --add-opens=java.base/java.lang=ALL-UNNAMED
17-Jan-2025 13:02:15.968 INFO [main] org.apache.catalina.startup.VersionLoggerListener.log 명령 행 아규먼트:  --add-opens=java.base/java.io=ALL-UNNAMED
17-Jan-2025 13:02:15.968 INFO [main] org.apache.catalina.startup.VersionLoggerListener.log 명령 행 아규먼트:  --add-opens=java.base/java.util=ALL-UNNAMED
17-Jan-2025 13:02:15.968 INFO [main] org.apache.catalina.startup.VersionLoggerListener.log 명령 행 아규먼트:  --add-opens=java.base/java.util.concurrent=ALL-UNNAMED
17-Jan-2025 13:02:15.968 INFO [main] org.apache.catalina.startup.VersionLoggerListener.log 명령 행 아규먼트:  --add-opens=java.rmi/sun.rmi.transport=ALL-UNNAMED
17-Jan-2025 13:02:15.968 INFO [main] org.apache.catalina.startup.VersionLoggerListener.log 명령 행 아규먼트:  -Dcatalina.home=C:\Program Files\Apache Software Foundation\apache-tomcat-9.0.97
17-Jan-2025 13:02:15.968 INFO [main] org.apache.catalina.startup.VersionLoggerListener.log 명령 행 아규먼트:  -Dcatalina.base=C:\Users\1\Desktop\Downloads\newliv\livinglab\conf
17-Jan-2025 13:02:15.969 INFO [main] org.apache.catalina.startup.VersionLoggerListener.log 명령 행 아규먼트:  -Djava.io.tmpdir=C:\Users\1\Desktop\Downloads\newliv\livinglab\conf\temp
17-Jan-2025 13:02:15.969 INFO [main] org.apache.catalina.startup.VersionLoggerListener.log 명령 행 아규먼트:  -Djava.util.logging.config.file=C:\Users\1\Desktop\Downloads\newliv\livinglab\conf\conf\logging.properties
17-Jan-2025 13:02:15.969 INFO [main] org.apache.catalina.startup.VersionLoggerListener.log 명령 행 아규먼트:  -Djava.util.logging.manager=org.apache.juli.ClassLoaderLogManager
17-Jan-2025 13:02:15.969 INFO [main] org.apache.catalina.startup.VersionLoggerListener.log 명령 행 아규먼트:  -javaagent:C:\Program Files\JetBrains\IntelliJ IDEA 2023.1.2\lib\idea_rt.jar=1837:C:\Program Files\JetBrains\IntelliJ IDEA 2023.1.2\bin
17-Jan-2025 13:02:15.969 INFO [main] org.apache.catalina.startup.VersionLoggerListener.log 명령 행 아규먼트:  -Dfile.encoding=UTF-8
17-Jan-2025 13:02:15.969 INFO [main] org.apache.catalina.startup.VersionLoggerListener.log 명령 행 아규먼트:  -Dsun.stdout.encoding=UTF-8
17-Jan-2025 13:02:15.969 INFO [main] org.apache.catalina.startup.VersionLoggerListener.log 명령 행 아규먼트:  -Dsun.stderr.encoding=UTF-8
17-Jan-2025 13:02:15.973 INFO [main] org.apache.catalina.core.AprLifecycleListener.lifecycleEvent APR 버전 [1.7.4]을(를) 사용한, APR 기반 Apache Tomcat Native 라이브러리 [1.3.1]을(를) 로드했습니다.
17-Jan-2025 13:02:15.973 INFO [main] org.apache.catalina.core.AprLifecycleListener.lifecycleEvent APR 용량정보들: IPv6 [true], sendfile [true], accept filters [false], random [true], UDS [true].
17-Jan-2025 13:02:15.973 INFO [main] org.apache.catalina.core.AprLifecycleListener.lifecycleEvent APR/OpenSSL 설정: useAprConnector [false], useOpenSSL [true]
17-Jan-2025 13:02:15.982 INFO [main] org.apache.catalina.core.AprLifecycleListener.initializeSSL OpenSSL이 성공적으로 초기화되었습니다: [OpenSSL 3.0.14 4 Jun 2024]
17-Jan-2025 13:02:16.407 INFO [main] org.apache.coyote.AbstractProtocol.init 프로토콜 핸들러 ["http-nio-8082"]을(를) 초기화합니다.
17-Jan-2025 13:02:16.427 INFO [main] org.apache.catalina.startup.Catalina.load [796] 밀리초 내에 서버가 초기화되었습니다.
17-Jan-2025 13:02:16.485 INFO [main] org.apache.catalina.core.StandardService.startInternal 서비스 [Catalina]을(를) 시작합니다.
17-Jan-2025 13:02:16.485 INFO [main] org.apache.catalina.core.StandardEngine.startInternal 서버 엔진을 시작합니다: [Apache Tomcat/9.0.97]
17-Jan-2025 13:02:16.496 INFO [main] org.apache.catalina.startup.HostConfig.deployDescriptor 배치 descriptor [C:\Users\1\Desktop\Downloads\newliv\livinglab\conf\conf\Catalina\localhost\ROOT.xml]을(를) 배치합니다.
17-Jan-2025 13:02:16.995 INFO [main] org.apache.catalina.startup.HostConfig.deployDescriptor 배치 descriptor [C:\Users\1\Desktop\Downloads\newliv\livinglab\conf\conf\Catalina\localhost\ROOT.xml]의 배치가 [496] 밀리초 내에 완료되었습니다.
17-Jan-2025 13:02:17.001 INFO [main] org.apache.coyote.AbstractProtocol.start 프로토콜 핸들러 ["http-nio-8082"]을(를) 시작합니다.
17-Jan-2025 13:02:17.026 INFO [main] org.apache.catalina.startup.Catalina.start 서버가 [596] 밀리초 내에 시작되었습니다.
17-Jan-2025 13:07:06.671 INFO [Thread-1] org.apache.coyote.AbstractProtocol.pause 프로토콜 핸들러 ["http-nio-8082"]을(를) 일시 정지 중
17-Jan-2025 13:07:06.679 INFO [Thread-1] org.apache.catalina.core.StandardService.stopInternal 서비스 [Catalina]을(를) 중지시킵니다.
17-Jan-2025 13:07:06.690 INFO [Thread-1] org.apache.coyote.AbstractProtocol.stop 프로토콜 핸들러 ["http-nio-8082"]을(를) 중지시킵니다.
17-Jan-2025 13:07:06.692 INFO [Thread-1] org.apache.coyote.AbstractProtocol.destroy 프로토콜 핸들러 ["http-nio-8082"]을(를) 소멸시킵니다.
17-Jan-2025 13:10:52.245 INFO [main] org.apache.catalina.startup.VersionLoggerListener.log 서버 버전 이름:    Apache Tomcat/9.0.97
17-Jan-2025 13:10:52.249 INFO [main] org.apache.catalina.startup.VersionLoggerListener.log Server 빌드 시각:  Nov 6 2024 19:55:19 UTC
17-Jan-2025 13:10:52.249 INFO [main] org.apache.catalina.startup.VersionLoggerListener.log Server 버전 번호:  9.0.97.0
17-Jan-2025 13:10:52.250 INFO [main] org.apache.catalina.startup.VersionLoggerListener.log 운영체제 이름:     Windows 10
17-Jan-2025 13:10:52.250 INFO [main] org.apache.catalina.startup.VersionLoggerListener.log 운영체제 버전:     10.0
17-Jan-2025 13:10:52.250 INFO [main] org.apache.catalina.startup.VersionLoggerListener.log 아키텍처:          amd64
17-Jan-2025 13:10:52.250 INFO [main] org.apache.catalina.startup.VersionLoggerListener.log 자바 홈:           C:\Users\1\.jdks\openjdk-23.0.1
17-Jan-2025 13:10:52.250 INFO [main] org.apache.catalina.startup.VersionLoggerListener.log JVM 버전:          23.0.1+11-39
17-Jan-2025 13:10:52.250 INFO [main] org.apache.catalina.startup.VersionLoggerListener.log JVM 벤더:          Oracle Corporation
17-Jan-2025 13:10:52.250 INFO [main] org.apache.catalina.startup.VersionLoggerListener.log CATALINA_BASE:     C:\Users\1\Desktop\Downloads\newliv\livinglab\conf
17-Jan-2025 13:10:52.250 INFO [main] org.apache.catalina.startup.VersionLoggerListener.log CATALINA_HOME:     C:\Program Files\Apache Software Foundation\apache-tomcat-9.0.97
17-Jan-2025 13:10:52.258 INFO [main] org.apache.catalina.startup.VersionLoggerListener.log 명령 행 아규먼트:  --add-opens=java.base/java.lang=ALL-UNNAMED
17-Jan-2025 13:10:52.258 INFO [main] org.apache.catalina.startup.VersionLoggerListener.log 명령 행 아규먼트:  --add-opens=java.base/java.io=ALL-UNNAMED
17-Jan-2025 13:10:52.259 INFO [main] org.apache.catalina.startup.VersionLoggerListener.log 명령 행 아규먼트:  --add-opens=java.base/java.util=ALL-UNNAMED
17-Jan-2025 13:10:52.259 INFO [main] org.apache.catalina.startup.VersionLoggerListener.log 명령 행 아규먼트:  --add-opens=java.base/java.util.concurrent=ALL-UNNAMED
17-Jan-2025 13:10:52.259 INFO [main] org.apache.catalina.startup.VersionLoggerListener.log 명령 행 아규먼트:  --add-opens=java.rmi/sun.rmi.transport=ALL-UNNAMED
17-Jan-2025 13:10:52.259 INFO [main] org.apache.catalina.startup.VersionLoggerListener.log 명령 행 아규먼트:  -Dcatalina.home=C:\Program Files\Apache Software Foundation\apache-tomcat-9.0.97
17-Jan-2025 13:10:52.259 INFO [main] org.apache.catalina.startup.VersionLoggerListener.log 명령 행 아규먼트:  -Dcatalina.base=C:\Users\1\Desktop\Downloads\newliv\livinglab\conf
17-Jan-2025 13:10:52.259 INFO [main] org.apache.catalina.startup.VersionLoggerListener.log 명령 행 아규먼트:  -Djava.io.tmpdir=C:\Users\1\Desktop\Downloads\newliv\livinglab\conf\temp
17-Jan-2025 13:10:52.260 INFO [main] org.apache.catalina.startup.VersionLoggerListener.log 명령 행 아규먼트:  -Djava.util.logging.config.file=C:\Users\1\Desktop\Downloads\newliv\livinglab\conf\conf\logging.properties
17-Jan-2025 13:10:52.260 INFO [main] org.apache.catalina.startup.VersionLoggerListener.log 명령 행 아규먼트:  -Djava.util.logging.manager=org.apache.juli.ClassLoaderLogManager
17-Jan-2025 13:10:52.260 INFO [main] org.apache.catalina.startup.VersionLoggerListener.log 명령 행 아규먼트:  -javaagent:C:\Program Files\JetBrains\IntelliJ IDEA 2023.1.2\lib\idea_rt.jar=7826:C:\Program Files\JetBrains\IntelliJ IDEA 2023.1.2\bin
17-Jan-2025 13:10:52.260 INFO [main] org.apache.catalina.startup.VersionLoggerListener.log 명령 행 아규먼트:  -Dfile.encoding=UTF-8
17-Jan-2025 13:10:52.260 INFO [main] org.apache.catalina.startup.VersionLoggerListener.log 명령 행 아규먼트:  -Dsun.stdout.encoding=UTF-8
17-Jan-2025 13:10:52.260 INFO [main] org.apache.catalina.startup.VersionLoggerListener.log 명령 행 아규먼트:  -Dsun.stderr.encoding=UTF-8
17-Jan-2025 13:10:52.264 INFO [main] org.apache.catalina.core.AprLifecycleListener.lifecycleEvent APR 버전 [1.7.4]을(를) 사용한, APR 기반 Apache Tomcat Native 라이브러리 [1.3.1]을(를) 로드했습니다.
17-Jan-2025 13:10:52.265 INFO [main] org.apache.catalina.core.AprLifecycleListener.lifecycleEvent APR 용량정보들: IPv6 [true], sendfile [true], accept filters [false], random [true], UDS [true].
17-Jan-2025 13:10:52.265 INFO [main] org.apache.catalina.core.AprLifecycleListener.lifecycleEvent APR/OpenSSL 설정: useAprConnector [false], useOpenSSL [true]
17-Jan-2025 13:10:52.287 INFO [main] org.apache.catalina.core.AprLifecycleListener.initializeSSL OpenSSL이 성공적으로 초기화되었습니다: [OpenSSL 3.0.14 4 Jun 2024]
17-Jan-2025 13:10:52.723 INFO [main] org.apache.coyote.AbstractProtocol.init 프로토콜 핸들러 ["http-nio-8082"]을(를) 초기화합니다.
17-Jan-2025 13:10:52.746 INFO [main] org.apache.catalina.startup.Catalina.load [780] 밀리초 내에 서버가 초기화되었습니다.
17-Jan-2025 13:10:52.817 INFO [main] org.apache.catalina.core.StandardService.startInternal 서비스 [Catalina]을(를) 시작합니다.
17-Jan-2025 13:10:52.817 INFO [main] org.apache.catalina.core.StandardEngine.startInternal 서버 엔진을 시작합니다: [Apache Tomcat/9.0.97]
17-Jan-2025 13:10:52.831 INFO [main] org.apache.catalina.startup.HostConfig.deployDescriptor 배치 descriptor [C:\Users\1\Desktop\Downloads\newliv\livinglab\conf\conf\Catalina\localhost\ROOT.xml]을(를) 배치합니다.
17-Jan-2025 13:10:53.362 INFO [main] org.apache.catalina.startup.HostConfig.deployDescriptor 배치 descriptor [C:\Users\1\Desktop\Downloads\newliv\livinglab\conf\conf\Catalina\localhost\ROOT.xml]의 배치가 [528] 밀리초 내에 완료되었습니다.
17-Jan-2025 13:10:53.366 INFO [main] org.apache.coyote.AbstractProtocol.start 프로토콜 핸들러 ["http-nio-8082"]을(를) 시작합니다.
17-Jan-2025 13:10:53.388 INFO [main] org.apache.catalina.startup.Catalina.start 서버가 [640] 밀리초 내에 시작되었습니다.
17-Jan-2025 13:13:55.259 INFO [Thread-1] org.apache.coyote.AbstractProtocol.pause 프로토콜 핸들러 ["http-nio-8082"]을(를) 일시 정지 중
17-Jan-2025 13:13:55.266 INFO [Thread-1] org.apache.catalina.core.StandardService.stopInternal 서비스 [Catalina]을(를) 중지시킵니다.
17-Jan-2025 13:13:55.275 INFO [Thread-1] org.apache.coyote.AbstractProtocol.stop 프로토콜 핸들러 ["http-nio-8082"]을(를) 중지시킵니다.
17-Jan-2025 13:13:55.279 INFO [Thread-1] org.apache.coyote.AbstractProtocol.destroy 프로토콜 핸들러 ["http-nio-8082"]을(를) 소멸시킵니다.
17-Jan-2025 13:14:04.939 INFO [main] org.apache.catalina.startup.VersionLoggerListener.log 서버 버전 이름:    Apache Tomcat/9.0.97
17-Jan-2025 13:14:04.943 INFO [main] org.apache.catalina.startup.VersionLoggerListener.log Server 빌드 시각:  Nov 6 2024 19:55:19 UTC
17-Jan-2025 13:14:04.943 INFO [main] org.apache.catalina.startup.VersionLoggerListener.log Server 버전 번호:  9.0.97.0
17-Jan-2025 13:14:04.943 INFO [main] org.apache.catalina.startup.VersionLoggerListener.log 운영체제 이름:     Windows 10
17-Jan-2025 13:14:04.943 INFO [main] org.apache.catalina.startup.VersionLoggerListener.log 운영체제 버전:     10.0
17-Jan-2025 13:14:04.943 INFO [main] org.apache.catalina.startup.VersionLoggerListener.log 아키텍처:          amd64
17-Jan-2025 13:14:04.943 INFO [main] org.apache.catalina.startup.VersionLoggerListener.log 자바 홈:           C:\Users\1\.jdks\openjdk-23.0.1
17-Jan-2025 13:14:04.944 INFO [main] org.apache.catalina.startup.VersionLoggerListener.log JVM 버전:          23.0.1+11-39
17-Jan-2025 13:14:04.944 INFO [main] org.apache.catalina.startup.VersionLoggerListener.log JVM 벤더:          Oracle Corporation
17-Jan-2025 13:14:04.944 INFO [main] org.apache.catalina.startup.VersionLoggerListener.log CATALINA_BASE:     C:\Users\1\Desktop\Downloads\newliv\livinglab\conf
17-Jan-2025 13:14:04.944 INFO [main] org.apache.catalina.startup.VersionLoggerListener.log CATALINA_HOME:     C:\Program Files\Apache Software Foundation\apache-tomcat-9.0.97
17-Jan-2025 13:14:04.951 INFO [main] org.apache.catalina.startup.VersionLoggerListener.log 명령 행 아규먼트:  --add-opens=java.base/java.lang=ALL-UNNAMED
17-Jan-2025 13:14:04.951 INFO [main] org.apache.catalina.startup.VersionLoggerListener.log 명령 행 아규먼트:  --add-opens=java.base/java.io=ALL-UNNAMED
17-Jan-2025 13:14:04.952 INFO [main] org.apache.catalina.startup.VersionLoggerListener.log 명령 행 아규먼트:  --add-opens=java.base/java.util=ALL-UNNAMED
17-Jan-2025 13:14:04.952 INFO [main] org.apache.catalina.startup.VersionLoggerListener.log 명령 행 아규먼트:  --add-opens=java.base/java.util.concurrent=ALL-UNNAMED
17-Jan-2025 13:14:04.952 INFO [main] org.apache.catalina.startup.VersionLoggerListener.log 명령 행 아규먼트:  --add-opens=java.rmi/sun.rmi.transport=ALL-UNNAMED
17-Jan-2025 13:14:04.952 INFO [main] org.apache.catalina.startup.VersionLoggerListener.log 명령 행 아규먼트:  -Dcatalina.home=C:\Program Files\Apache Software Foundation\apache-tomcat-9.0.97
17-Jan-2025 13:14:04.952 INFO [main] org.apache.catalina.startup.VersionLoggerListener.log 명령 행 아규먼트:  -Dcatalina.base=C:\Users\1\Desktop\Downloads\newliv\livinglab\conf
17-Jan-2025 13:14:04.952 INFO [main] org.apache.catalina.startup.VersionLoggerListener.log 명령 행 아규먼트:  -Djava.io.tmpdir=C:\Users\1\Desktop\Downloads\newliv\livinglab\conf\temp
17-Jan-2025 13:14:04.952 INFO [main] org.apache.catalina.startup.VersionLoggerListener.log 명령 행 아규먼트:  -Djava.util.logging.config.file=C:\Users\1\Desktop\Downloads\newliv\livinglab\conf\conf\logging.properties
17-Jan-2025 13:14:04.952 INFO [main] org.apache.catalina.startup.VersionLoggerListener.log 명령 행 아규먼트:  -Djava.util.logging.manager=org.apache.juli.ClassLoaderLogManager
17-Jan-2025 13:14:04.952 INFO [main] org.apache.catalina.startup.VersionLoggerListener.log 명령 행 아규먼트:  -javaagent:C:\Program Files\JetBrains\IntelliJ IDEA 2023.1.2\lib\idea_rt.jar=2295:C:\Program Files\JetBrains\IntelliJ IDEA 2023.1.2\bin
17-Jan-2025 13:14:04.952 INFO [main] org.apache.catalina.startup.VersionLoggerListener.log 명령 행 아규먼트:  -Dfile.encoding=UTF-8
17-Jan-2025 13:14:04.953 INFO [main] org.apache.catalina.startup.VersionLoggerListener.log 명령 행 아규먼트:  -Dsun.stdout.encoding=UTF-8
17-Jan-2025 13:14:04.953 INFO [main] org.apache.catalina.startup.VersionLoggerListener.log 명령 행 아규먼트:  -Dsun.stderr.encoding=UTF-8
17-Jan-2025 13:14:04.963 INFO [main] org.apache.catalina.core.AprLifecycleListener.lifecycleEvent APR 버전 [1.7.4]을(를) 사용한, APR 기반 Apache Tomcat Native 라이브러리 [1.3.1]을(를) 로드했습니다.
17-Jan-2025 13:14:04.963 INFO [main] org.apache.catalina.core.AprLifecycleListener.lifecycleEvent APR 용량정보들: IPv6 [true], sendfile [true], accept filters [false], random [true], UDS [true].
17-Jan-2025 13:14:04.963 INFO [main] org.apache.catalina.core.AprLifecycleListener.lifecycleEvent APR/OpenSSL 설정: useAprConnector [false], useOpenSSL [true]
17-Jan-2025 13:14:04.987 INFO [main] org.apache.catalina.core.AprLifecycleListener.initializeSSL OpenSSL이 성공적으로 초기화되었습니다: [OpenSSL 3.0.14 4 Jun 2024]
17-Jan-2025 13:14:05.305 INFO [main] org.apache.coyote.AbstractProtocol.init 프로토콜 핸들러 ["http-nio-8082"]을(를) 초기화합니다.
17-Jan-2025 13:14:05.323 INFO [main] org.apache.catalina.startup.Catalina.load [631] 밀리초 내에 서버가 초기화되었습니다.
17-Jan-2025 13:14:05.373 INFO [main] org.apache.catalina.core.StandardService.startInternal 서비스 [Catalina]을(를) 시작합니다.
17-Jan-2025 13:14:05.373 INFO [main] org.apache.catalina.core.StandardEngine.startInternal 서버 엔진을 시작합니다: [Apache Tomcat/9.0.97]
17-Jan-2025 13:14:05.384 INFO [main] org.apache.catalina.startup.HostConfig.deployDescriptor 배치 descriptor [C:\Users\1\Desktop\Downloads\newliv\livinglab\conf\conf\Catalina\localhost\ROOT.xml]을(를) 배치합니다.
17-Jan-2025 13:14:05.869 INFO [main] org.apache.catalina.startup.HostConfig.deployDescriptor 배치 descriptor [C:\Users\1\Desktop\Downloads\newliv\livinglab\conf\conf\Catalina\localhost\ROOT.xml]의 배치가 [483] 밀리초 내에 완료되었습니다.
17-Jan-2025 13:14:05.874 INFO [main] org.apache.coyote.AbstractProtocol.start 프로토콜 핸들러 ["http-nio-8082"]을(를) 시작합니다.
17-Jan-2025 13:14:05.902 INFO [main] org.apache.catalina.startup.Catalina.start 서버가 [577] 밀리초 내에 시작되었습니다.
17-Jan-2025 13:28:38.152 INFO [Thread-1] org.apache.coyote.AbstractProtocol.pause 프로토콜 핸들러 ["http-nio-8082"]을(를) 일시 정지 중
17-Jan-2025 13:28:38.158 INFO [Thread-1] org.apache.catalina.core.StandardService.stopInternal 서비스 [Catalina]을(를) 중지시킵니다.
17-Jan-2025 13:28:38.168 INFO [Thread-1] org.apache.coyote.AbstractProtocol.stop 프로토콜 핸들러 ["http-nio-8082"]을(를) 중지시킵니다.
17-Jan-2025 13:28:38.187 INFO [Thread-1] org.apache.coyote.AbstractProtocol.destroy 프로토콜 핸들러 ["http-nio-8082"]을(를) 소멸시킵니다.
17-Jan-2025 13:31:49.242 INFO [main] org.apache.catalina.startup.VersionLoggerListener.log 서버 버전 이름:    Apache Tomcat/9.0.97
17-Jan-2025 13:31:49.247 INFO [main] org.apache.catalina.startup.VersionLoggerListener.log Server 빌드 시각:  Nov 6 2024 19:55:19 UTC
17-Jan-2025 13:31:49.247 INFO [main] org.apache.catalina.startup.VersionLoggerListener.log Server 버전 번호:  9.0.97.0
17-Jan-2025 13:31:49.247 INFO [main] org.apache.catalina.startup.VersionLoggerListener.log 운영체제 이름:     Windows 10
17-Jan-2025 13:31:49.248 INFO [main] org.apache.catalina.startup.VersionLoggerListener.log 운영체제 버전:     10.0
17-Jan-2025 13:31:49.248 INFO [main] org.apache.catalina.startup.VersionLoggerListener.log 아키텍처:          amd64
17-Jan-2025 13:31:49.248 INFO [main] org.apache.catalina.startup.VersionLoggerListener.log 자바 홈:           C:\Users\1\.jdks\openjdk-23.0.1
17-Jan-2025 13:31:49.248 INFO [main] org.apache.catalina.startup.VersionLoggerListener.log JVM 버전:          23.0.1+11-39
17-Jan-2025 13:31:49.248 INFO [main] org.apache.catalina.startup.VersionLoggerListener.log JVM 벤더:          Oracle Corporation
17-Jan-2025 13:31:49.248 INFO [main] org.apache.catalina.startup.VersionLoggerListener.log CATALINA_BASE:     C:\Users\1\Desktop\Downloads\newliv\livinglab\conf
17-Jan-2025 13:31:49.248 INFO [main] org.apache.catalina.startup.VersionLoggerListener.log CATALINA_HOME:     C:\Program Files\Apache Software Foundation\apache-tomcat-9.0.97
17-Jan-2025 13:31:49.254 INFO [main] org.apache.catalina.startup.VersionLoggerListener.log 명령 행 아규먼트:  --add-opens=java.base/java.lang=ALL-UNNAMED
17-Jan-2025 13:31:49.254 INFO [main] org.apache.catalina.startup.VersionLoggerListener.log 명령 행 아규먼트:  --add-opens=java.base/java.io=ALL-UNNAMED
17-Jan-2025 13:31:49.254 INFO [main] org.apache.catalina.startup.VersionLoggerListener.log 명령 행 아규먼트:  --add-opens=java.base/java.util=ALL-UNNAMED
17-Jan-2025 13:31:49.255 INFO [main] org.apache.catalina.startup.VersionLoggerListener.log 명령 행 아규먼트:  --add-opens=java.base/java.util.concurrent=ALL-UNNAMED
17-Jan-2025 13:31:49.255 INFO [main] org.apache.catalina.startup.VersionLoggerListener.log 명령 행 아규먼트:  --add-opens=java.rmi/sun.rmi.transport=ALL-UNNAMED
17-Jan-2025 13:31:49.255 INFO [main] org.apache.catalina.startup.VersionLoggerListener.log 명령 행 아규먼트:  -Dcatalina.home=C:\Program Files\Apache Software Foundation\apache-tomcat-9.0.97
17-Jan-2025 13:31:49.255 INFO [main] org.apache.catalina.startup.VersionLoggerListener.log 명령 행 아규먼트:  -Dcatalina.base=C:\Users\1\Desktop\Downloads\newliv\livinglab\conf
17-Jan-2025 13:31:49.255 INFO [main] org.apache.catalina.startup.VersionLoggerListener.log 명령 행 아규먼트:  -Djava.io.tmpdir=C:\Users\1\Desktop\Downloads\newliv\livinglab\conf\temp
17-Jan-2025 13:31:49.255 INFO [main] org.apache.catalina.startup.VersionLoggerListener.log 명령 행 아규먼트:  -Djava.util.logging.config.file=C:\Users\1\Desktop\Downloads\newliv\livinglab\conf\conf\logging.properties
17-Jan-2025 13:31:49.255 INFO [main] org.apache.catalina.startup.VersionLoggerListener.log 명령 행 아규먼트:  -Djava.util.logging.manager=org.apache.juli.ClassLoaderLogManager
17-Jan-2025 13:31:49.255 INFO [main] org.apache.catalina.startup.VersionLoggerListener.log 명령 행 아규먼트:  -javaagent:C:\Program Files\JetBrains\IntelliJ IDEA 2023.1.2\lib\idea_rt.jar=9532:C:\Program Files\JetBrains\IntelliJ IDEA 2023.1.2\bin
17-Jan-2025 13:31:49.256 INFO [main] org.apache.catalina.startup.VersionLoggerListener.log 명령 행 아규먼트:  -Dfile.encoding=UTF-8
17-Jan-2025 13:31:49.256 INFO [main] org.apache.catalina.startup.VersionLoggerListener.log 명령 행 아규먼트:  -Dsun.stdout.encoding=UTF-8
17-Jan-2025 13:31:49.256 INFO [main] org.apache.catalina.startup.VersionLoggerListener.log 명령 행 아규먼트:  -Dsun.stderr.encoding=UTF-8
17-Jan-2025 13:31:49.259 INFO [main] org.apache.catalina.core.AprLifecycleListener.lifecycleEvent APR 버전 [1.7.4]을(를) 사용한, APR 기반 Apache Tomcat Native 라이브러리 [1.3.1]을(를) 로드했습니다.
17-Jan-2025 13:31:49.259 INFO [main] org.apache.catalina.core.AprLifecycleListener.lifecycleEvent APR 용량정보들: IPv6 [true], sendfile [true], accept filters [false], random [true], UDS [true].
17-Jan-2025 13:31:49.259 INFO [main] org.apache.catalina.core.AprLifecycleListener.lifecycleEvent APR/OpenSSL 설정: useAprConnector [false], useOpenSSL [true]
17-Jan-2025 13:31:49.270 INFO [main] org.apache.catalina.core.AprLifecycleListener.initializeSSL OpenSSL이 성공적으로 초기화되었습니다: [OpenSSL 3.0.14 4 Jun 2024]
17-Jan-2025 13:31:49.644 INFO [main] org.apache.coyote.AbstractProtocol.init 프로토콜 핸들러 ["http-nio-8082"]을(를) 초기화합니다.
17-Jan-2025 13:31:49.662 INFO [main] org.apache.catalina.startup.Catalina.load [629] 밀리초 내에 서버가 초기화되었습니다.
17-Jan-2025 13:31:49.724 INFO [main] org.apache.catalina.core.StandardService.startInternal 서비스 [Catalina]을(를) 시작합니다.
17-Jan-2025 13:31:49.724 INFO [main] org.apache.catalina.core.StandardEngine.startInternal 서버 엔진을 시작합니다: [Apache Tomcat/9.0.97]
17-Jan-2025 13:31:49.732 INFO [main] org.apache.catalina.startup.HostConfig.deployDescriptor 배치 descriptor [C:\Users\1\Desktop\Downloads\newliv\livinglab\conf\conf\Catalina\localhost\ROOT.xml]을(를) 배치합니다.
17-Jan-2025 13:31:50.203 INFO [main] org.apache.catalina.startup.HostConfig.deployDescriptor 배치 descriptor [C:\Users\1\Desktop\Downloads\newliv\livinglab\conf\conf\Catalina\localhost\ROOT.xml]의 배치가 [468] 밀리초 내에 완료되었습니다.
17-Jan-2025 13:31:50.208 INFO [main] org.apache.coyote.AbstractProtocol.start 프로토콜 핸들러 ["http-nio-8082"]을(를) 시작합니다.
17-Jan-2025 13:31:50.231 INFO [main] org.apache.catalina.startup.Catalina.start 서버가 [567] 밀리초 내에 시작되었습니다.
17-Jan-2025 13:50:43.208 INFO [Thread-1] org.apache.coyote.AbstractProtocol.pause 프로토콜 핸들러 ["http-nio-8082"]을(를) 일시 정지 중
17-Jan-2025 13:50:43.221 INFO [Thread-1] org.apache.catalina.core.StandardService.stopInternal 서비스 [Catalina]을(를) 중지시킵니다.
17-Jan-2025 13:50:43.231 INFO [Thread-1] org.apache.coyote.AbstractProtocol.stop 프로토콜 핸들러 ["http-nio-8082"]을(를) 중지시킵니다.
17-Jan-2025 13:50:43.247 INFO [Thread-1] org.apache.coyote.AbstractProtocol.destroy 프로토콜 핸들러 ["http-nio-8082"]을(를) 소멸시킵니다.
17-Jan-2025 15:33:35.556 INFO [main] org.apache.catalina.startup.VersionLoggerListener.log 서버 버전 이름:    Apache Tomcat/9.0.97
17-Jan-2025 15:33:35.559 INFO [main] org.apache.catalina.startup.VersionLoggerListener.log Server 빌드 시각:  Nov 6 2024 19:55:19 UTC
17-Jan-2025 15:33:35.560 INFO [main] org.apache.catalina.startup.VersionLoggerListener.log Server 버전 번호:  9.0.97.0
17-Jan-2025 15:33:35.560 INFO [main] org.apache.catalina.startup.VersionLoggerListener.log 운영체제 이름:     Windows 10
17-Jan-2025 15:33:35.560 INFO [main] org.apache.catalina.startup.VersionLoggerListener.log 운영체제 버전:     10.0
17-Jan-2025 15:33:35.560 INFO [main] org.apache.catalina.startup.VersionLoggerListener.log 아키텍처:          amd64
17-Jan-2025 15:33:35.560 INFO [main] org.apache.catalina.startup.VersionLoggerListener.log 자바 홈:           C:\Users\1\.jdks\openjdk-23.0.1
17-Jan-2025 15:33:35.560 INFO [main] org.apache.catalina.startup.VersionLoggerListener.log JVM 버전:          23.0.1+11-39
17-Jan-2025 15:33:35.560 INFO [main] org.apache.catalina.startup.VersionLoggerListener.log JVM 벤더:          Oracle Corporation
17-Jan-2025 15:33:35.561 INFO [main] org.apache.catalina.startup.VersionLoggerListener.log CATALINA_BASE:     C:\Users\1\Desktop\Downloads\newliv\livinglab\conf
17-Jan-2025 15:33:35.561 INFO [main] org.apache.catalina.startup.VersionLoggerListener.log CATALINA_HOME:     C:\Program Files\Apache Software Foundation\apache-tomcat-9.0.97
17-Jan-2025 15:33:35.567 INFO [main] org.apache.catalina.startup.VersionLoggerListener.log 명령 행 아규먼트:  --add-opens=java.base/java.lang=ALL-UNNAMED
17-Jan-2025 15:33:35.567 INFO [main] org.apache.catalina.startup.VersionLoggerListener.log 명령 행 아규먼트:  --add-opens=java.base/java.io=ALL-UNNAMED
17-Jan-2025 15:33:35.567 INFO [main] org.apache.catalina.startup.VersionLoggerListener.log 명령 행 아규먼트:  --add-opens=java.base/java.util=ALL-UNNAMED
17-Jan-2025 15:33:35.568 INFO [main] org.apache.catalina.startup.VersionLoggerListener.log 명령 행 아규먼트:  --add-opens=java.base/java.util.concurrent=ALL-UNNAMED
17-Jan-2025 15:33:35.568 INFO [main] org.apache.catalina.startup.VersionLoggerListener.log 명령 행 아규먼트:  --add-opens=java.rmi/sun.rmi.transport=ALL-UNNAMED
17-Jan-2025 15:33:35.568 INFO [main] org.apache.catalina.startup.VersionLoggerListener.log 명령 행 아규먼트:  -Dcatalina.home=C:\Program Files\Apache Software Foundation\apache-tomcat-9.0.97
17-Jan-2025 15:33:35.568 INFO [main] org.apache.catalina.startup.VersionLoggerListener.log 명령 행 아규먼트:  -Dcatalina.base=C:\Users\1\Desktop\Downloads\newliv\livinglab\conf
17-Jan-2025 15:33:35.568 INFO [main] org.apache.catalina.startup.VersionLoggerListener.log 명령 행 아규먼트:  -Djava.io.tmpdir=C:\Users\1\Desktop\Downloads\newliv\livinglab\conf\temp
17-Jan-2025 15:33:35.568 INFO [main] org.apache.catalina.startup.VersionLoggerListener.log 명령 행 아규먼트:  -Djava.util.logging.config.file=C:\Users\1\Desktop\Downloads\newliv\livinglab\conf\conf\logging.properties
17-Jan-2025 15:33:35.568 INFO [main] org.apache.catalina.startup.VersionLoggerListener.log 명령 행 아규먼트:  -Djava.util.logging.manager=org.apache.juli.ClassLoaderLogManager
17-Jan-2025 15:33:35.568 INFO [main] org.apache.catalina.startup.VersionLoggerListener.log 명령 행 아규먼트:  -javaagent:C:\Program Files\JetBrains\IntelliJ IDEA 2023.1.2\lib\idea_rt.jar=9520:C:\Program Files\JetBrains\IntelliJ IDEA 2023.1.2\bin
17-Jan-2025 15:33:35.568 INFO [main] org.apache.catalina.startup.VersionLoggerListener.log 명령 행 아규먼트:  -Dfile.encoding=UTF-8
17-Jan-2025 15:33:35.568 INFO [main] org.apache.catalina.startup.VersionLoggerListener.log 명령 행 아규먼트:  -Dsun.stdout.encoding=UTF-8
17-Jan-2025 15:33:35.569 INFO [main] org.apache.catalina.startup.VersionLoggerListener.log 명령 행 아규먼트:  -Dsun.stderr.encoding=UTF-8
17-Jan-2025 15:33:35.572 INFO [main] org.apache.catalina.core.AprLifecycleListener.lifecycleEvent APR 버전 [1.7.4]을(를) 사용한, APR 기반 Apache Tomcat Native 라이브러리 [1.3.1]을(를) 로드했습니다.
17-Jan-2025 15:33:35.572 INFO [main] org.apache.catalina.core.AprLifecycleListener.lifecycleEvent APR 용량정보들: IPv6 [true], sendfile [true], accept filters [false], random [true], UDS [true].
17-Jan-2025 15:33:35.572 INFO [main] org.apache.catalina.core.AprLifecycleListener.lifecycleEvent APR/OpenSSL 설정: useAprConnector [false], useOpenSSL [true]
17-Jan-2025 15:33:35.579 INFO [main] org.apache.catalina.core.AprLifecycleListener.initializeSSL OpenSSL이 성공적으로 초기화되었습니다: [OpenSSL 3.0.14 4 Jun 2024]
17-Jan-2025 15:33:35.964 INFO [main] org.apache.coyote.AbstractProtocol.init 프로토콜 핸들러 ["http-nio-8082"]을(를) 초기화합니다.
17-Jan-2025 15:33:35.986 INFO [main] org.apache.catalina.startup.Catalina.load [636] 밀리초 내에 서버가 초기화되었습니다.
17-Jan-2025 15:33:36.066 INFO [main] org.apache.catalina.core.StandardService.startInternal 서비스 [Catalina]을(를) 시작합니다.
17-Jan-2025 15:33:36.067 INFO [main] org.apache.catalina.core.StandardEngine.startInternal 서버 엔진을 시작합니다: [Apache Tomcat/9.0.97]
17-Jan-2025 15:33:36.077 INFO [main] org.apache.catalina.startup.HostConfig.deployDescriptor 배치 descriptor [C:\Users\1\Desktop\Downloads\newliv\livinglab\conf\conf\Catalina\localhost\ROOT.xml]을(를) 배치합니다.
17-Jan-2025 15:33:36.535 INFO [main] org.apache.catalina.startup.HostConfig.deployDescriptor 배치 descriptor [C:\Users\1\Desktop\Downloads\newliv\livinglab\conf\conf\Catalina\localhost\ROOT.xml]의 배치가 [457] 밀리초 내에 완료되었습니다.
17-Jan-2025 15:33:36.538 INFO [main] org.apache.coyote.AbstractProtocol.start 프로토콜 핸들러 ["http-nio-8082"]을(를) 시작합니다.
17-Jan-2025 15:33:36.562 INFO [main] org.apache.catalina.startup.Catalina.start 서버가 [575] 밀리초 내에 시작되었습니다.
17-Jan-2025 15:39:13.254 INFO [Thread-1] org.apache.coyote.AbstractProtocol.pause 프로토콜 핸들러 ["http-nio-8082"]을(를) 일시 정지 중
17-Jan-2025 15:39:13.262 INFO [Thread-1] org.apache.catalina.core.StandardService.stopInternal 서비스 [Catalina]을(를) 중지시킵니다.
17-Jan-2025 15:39:13.269 INFO [Thread-1] org.apache.coyote.AbstractProtocol.stop 프로토콜 핸들러 ["http-nio-8082"]을(를) 중지시킵니다.
17-Jan-2025 15:39:13.272 INFO [Thread-1] org.apache.coyote.AbstractProtocol.destroy 프로토콜 핸들러 ["http-nio-8082"]을(를) 소멸시킵니다.
