14-Jan-2025 17:43:50.470 INFO [main] org.apache.catalina.startup.VersionLoggerListener.log 서버 버전 이름:    Apache Tomcat/9.0.97
14-Jan-2025 17:43:50.472 INFO [main] org.apache.catalina.startup.VersionLoggerListener.log Server 빌드 시각:  Nov 6 2024 19:55:19 UTC
14-Jan-2025 17:43:50.472 INFO [main] org.apache.catalina.startup.VersionLoggerListener.log Server 버전 번호:  9.0.97.0
14-Jan-2025 17:43:50.472 INFO [main] org.apache.catalina.startup.VersionLoggerListener.log 운영체제 이름:     Windows 10
14-Jan-2025 17:43:50.472 INFO [main] org.apache.catalina.startup.VersionLoggerListener.log 운영체제 버전:     10.0
14-Jan-2025 17:43:50.472 INFO [main] org.apache.catalina.startup.VersionLoggerListener.log 아키텍처:          amd64
14-Jan-2025 17:43:50.472 INFO [main] org.apache.catalina.startup.VersionLoggerListener.log 자바 홈:           C:\Program Files\Java\jdk-23
14-Jan-2025 17:43:50.472 INFO [main] org.apache.catalina.startup.VersionLoggerListener.log JVM 버전:          23.0.1+11-39
14-Jan-2025 17:43:50.473 INFO [main] org.apache.catalina.startup.VersionLoggerListener.log JVM 벤더:          Oracle Corporation
14-Jan-2025 17:43:50.473 INFO [main] org.apache.catalina.startup.VersionLoggerListener.log CATALINA_BASE:     C:\Users\1\Desktop\Downloads\newliv\livinglab\conf
14-Jan-2025 17:43:50.473 INFO [main] org.apache.catalina.startup.VersionLoggerListener.log CATALINA_HOME:     C:\Program Files\Apache Software Foundation\apache-tomcat-9.0.97
14-Jan-2025 17:43:50.478 INFO [main] org.apache.catalina.startup.VersionLoggerListener.log 명령 행 아규먼트:  --add-opens=java.base/java.lang=ALL-UNNAMED
14-Jan-2025 17:43:50.478 INFO [main] org.apache.catalina.startup.VersionLoggerListener.log 명령 행 아규먼트:  --add-opens=java.base/java.io=ALL-UNNAMED
14-Jan-2025 17:43:50.478 INFO [main] org.apache.catalina.startup.VersionLoggerListener.log 명령 행 아규먼트:  --add-opens=java.base/java.util=ALL-UNNAMED
14-Jan-2025 17:43:50.478 INFO [main] org.apache.catalina.startup.VersionLoggerListener.log 명령 행 아규먼트:  --add-opens=java.base/java.util.concurrent=ALL-UNNAMED
14-Jan-2025 17:43:50.478 INFO [main] org.apache.catalina.startup.VersionLoggerListener.log 명령 행 아규먼트:  --add-opens=java.rmi/sun.rmi.transport=ALL-UNNAMED
14-Jan-2025 17:43:50.478 INFO [main] org.apache.catalina.startup.VersionLoggerListener.log 명령 행 아규먼트:  -Dcatalina.home=C:\Program Files\Apache Software Foundation\apache-tomcat-9.0.97
14-Jan-2025 17:43:50.478 INFO [main] org.apache.catalina.startup.VersionLoggerListener.log 명령 행 아규먼트:  -Dcatalina.base=C:\Users\1\Desktop\Downloads\newliv\livinglab\conf
14-Jan-2025 17:43:50.478 INFO [main] org.apache.catalina.startup.VersionLoggerListener.log 명령 행 아규먼트:  -Djava.io.tmpdir=C:\Users\1\Desktop\Downloads\newliv\livinglab\conf\temp
14-Jan-2025 17:43:50.478 INFO [main] org.apache.catalina.startup.VersionLoggerListener.log 명령 행 아규먼트:  -Djava.util.logging.config.file=C:\Users\1\Desktop\Downloads\newliv\livinglab\conf\conf\logging.properties
14-Jan-2025 17:43:50.478 INFO [main] org.apache.catalina.startup.VersionLoggerListener.log 명령 행 아규먼트:  -Djava.util.logging.manager=org.apache.juli.ClassLoaderLogManager
14-Jan-2025 17:43:50.478 INFO [main] org.apache.catalina.startup.VersionLoggerListener.log 명령 행 아규먼트:  -javaagent:C:\Program Files\JetBrains\IntelliJ IDEA 2023.1.2\lib\idea_rt.jar=6170:C:\Program Files\JetBrains\IntelliJ IDEA 2023.1.2\bin
14-Jan-2025 17:43:50.479 INFO [main] org.apache.catalina.startup.VersionLoggerListener.log 명령 행 아규먼트:  -Dfile.encoding=UTF-8
14-Jan-2025 17:43:50.479 INFO [main] org.apache.catalina.startup.VersionLoggerListener.log 명령 행 아규먼트:  -Dsun.stdout.encoding=UTF-8
14-Jan-2025 17:43:50.479 INFO [main] org.apache.catalina.startup.VersionLoggerListener.log 명령 행 아규먼트:  -Dsun.stderr.encoding=UTF-8
14-Jan-2025 17:43:50.481 INFO [main] org.apache.catalina.core.AprLifecycleListener.lifecycleEvent APR 버전 [1.7.4]을(를) 사용한, APR 기반 Apache Tomcat Native 라이브러리 [1.3.1]을(를) 로드했습니다.
14-Jan-2025 17:43:50.481 INFO [main] org.apache.catalina.core.AprLifecycleListener.lifecycleEvent APR 용량정보들: IPv6 [true], sendfile [true], accept filters [false], random [true], UDS [true].
14-Jan-2025 17:43:50.482 INFO [main] org.apache.catalina.core.AprLifecycleListener.lifecycleEvent APR/OpenSSL 설정: useAprConnector [false], useOpenSSL [true]
14-Jan-2025 17:43:50.487 INFO [main] org.apache.catalina.core.AprLifecycleListener.initializeSSL OpenSSL이 성공적으로 초기화되었습니다: [OpenSSL 3.0.14 4 Jun 2024]
14-Jan-2025 17:43:50.723 INFO [main] org.apache.coyote.AbstractProtocol.init 프로토콜 핸들러 ["http-nio-8082"]을(를) 초기화합니다.
14-Jan-2025 17:43:50.728 SEVERE [main] org.apache.catalina.util.LifecycleBase.handleSubClassException 구성요소 [Connector["http-nio-8082"]]을(를) 초기화하지 못했습니다.
	org.apache.catalina.LifecycleException: 프로토콜 핸들러 초기화가 실패했습니다.
		at org.apache.catalina.connector.Connector.initInternal(Connector.java:1027)
		at org.apache.catalina.util.LifecycleBase.init(LifecycleBase.java:122)
		at org.apache.catalina.core.StandardService.initInternal(StandardService.java:525)
		at org.apache.catalina.util.LifecycleBase.init(LifecycleBase.java:122)
		at org.apache.catalina.core.StandardServer.initInternal(StandardServer.java:986)
		at org.apache.catalina.util.LifecycleBase.init(LifecycleBase.java:122)
		at org.apache.catalina.startup.Catalina.load(Catalina.java:686)
		at org.apache.catalina.startup.Catalina.load(Catalina.java:709)
		at java.base/jdk.internal.reflect.DirectMethodHandleAccessor.invoke(DirectMethodHandleAccessor.java:103)
		at java.base/java.lang.reflect.Method.invoke(Method.java:580)
		at org.apache.catalina.startup.Bootstrap.load(Bootstrap.java:302)
		at org.apache.catalina.startup.Bootstrap.main(Bootstrap.java:472)
	Caused by: java.net.BindException: Address already in use: bind
		at java.base/sun.nio.ch.Net.bind0(Native Method)
		at java.base/sun.nio.ch.Net.bind(Net.java:565)
		at java.base/sun.nio.ch.ServerSocketChannelImpl.netBind(ServerSocketChannelImpl.java:344)
		at java.base/sun.nio.ch.ServerSocketChannelImpl.bind(ServerSocketChannelImpl.java:301)
		at org.apache.tomcat.util.net.NioEndpoint.initServerSocket(NioEndpoint.java:268)
		at org.apache.tomcat.util.net.NioEndpoint.bind(NioEndpoint.java:223)
		at org.apache.tomcat.util.net.AbstractEndpoint.bindWithCleanup(AbstractEndpoint.java:1373)
		at org.apache.tomcat.util.net.AbstractEndpoint.init(AbstractEndpoint.java:1386)
		at org.apache.coyote.AbstractProtocol.init(AbstractProtocol.java:663)
		at org.apache.coyote.http11.AbstractHttp11Protocol.init(AbstractHttp11Protocol.java:80)
		at org.apache.catalina.connector.Connector.initInternal(Connector.java:1025)
		... 11 more
14-Jan-2025 17:43:50.729 INFO [main] org.apache.catalina.startup.Catalina.load [399] 밀리초 내에 서버가 초기화되었습니다.
14-Jan-2025 17:43:50.760 INFO [main] org.apache.catalina.core.StandardService.startInternal 서비스 [Catalina]을(를) 시작합니다.
14-Jan-2025 17:43:50.760 INFO [main] org.apache.catalina.core.StandardEngine.startInternal 서버 엔진을 시작합니다: [Apache Tomcat/9.0.97]
14-Jan-2025 17:43:50.767 INFO [main] org.apache.catalina.startup.HostConfig.deployDescriptor 배치 descriptor [C:\Users\1\Desktop\Downloads\newliv\livinglab\conf\conf\Catalina\localhost\ROOT.xml]을(를) 배치합니다.
14-Jan-2025 17:43:51.075 INFO [main] org.apache.catalina.startup.HostConfig.deployDescriptor 배치 descriptor [C:\Users\1\Desktop\Downloads\newliv\livinglab\conf\conf\Catalina\localhost\ROOT.xml]의 배치가 [304] 밀리초 내에 완료되었습니다.
14-Jan-2025 17:43:51.079 INFO [main] org.apache.catalina.startup.Catalina.start 서버가 [349] 밀리초 내에 시작되었습니다.
14-Jan-2025 17:44:05.269 INFO [Thread-1] org.apache.coyote.AbstractProtocol.pause 프로토콜 핸들러 ["http-nio-8082"]을(를) 일시 정지 중
14-Jan-2025 17:44:05.269 INFO [Thread-1] org.apache.catalina.core.StandardService.stopInternal 서비스 [Catalina]을(를) 중지시킵니다.
14-Jan-2025 17:44:05.275 INFO [Thread-1] org.apache.coyote.AbstractProtocol.stop 프로토콜 핸들러 ["http-nio-8082"]을(를) 중지시킵니다.
14-Jan-2025 17:44:05.276 INFO [Thread-1] org.apache.coyote.AbstractProtocol.destroy 프로토콜 핸들러 ["http-nio-8082"]을(를) 소멸시킵니다.
