07-Jan-2025 16:33:03.280 INFO [main] org.apache.catalina.startup.VersionLoggerListener.log 서버 버전 이름:    Apache Tomcat/9.0.97
07-Jan-2025 16:33:03.282 INFO [main] org.apache.catalina.startup.VersionLoggerListener.log Server 빌드 시각:  Nov 6 2024 19:55:19 UTC
07-Jan-2025 16:33:03.282 INFO [main] org.apache.catalina.startup.VersionLoggerListener.log Server 버전 번호:  9.0.97.0
07-Jan-2025 16:33:03.283 INFO [main] org.apache.catalina.startup.VersionLoggerListener.log 운영체제 이름:     Windows 10
07-Jan-2025 16:33:03.283 INFO [main] org.apache.catalina.startup.VersionLoggerListener.log 운영체제 버전:     10.0
07-Jan-2025 16:33:03.283 INFO [main] org.apache.catalina.startup.VersionLoggerListener.log 아키텍처:          amd64
07-Jan-2025 16:33:03.283 INFO [main] org.apache.catalina.startup.VersionLoggerListener.log 자바 홈:           C:\Program Files\Java\jdk-23
07-Jan-2025 16:33:03.283 INFO [main] org.apache.catalina.startup.VersionLoggerListener.log JVM 버전:          23.0.1+11-39
07-Jan-2025 16:33:03.283 INFO [main] org.apache.catalina.startup.VersionLoggerListener.log JVM 벤더:          Oracle Corporation
07-Jan-2025 16:33:03.283 INFO [main] org.apache.catalina.startup.VersionLoggerListener.log CATALINA_BASE:     C:\Users\1\Desktop\Downloads\livinglabas
07-Jan-2025 16:33:03.283 INFO [main] org.apache.catalina.startup.VersionLoggerListener.log CATALINA_HOME:     C:\Program Files\Apache Software Foundation\apache-tomcat-9.0.97
07-Jan-2025 16:33:03.288 INFO [main] org.apache.catalina.startup.VersionLoggerListener.log 명령 행 아규먼트:  --add-opens=java.base/java.lang=ALL-UNNAMED
07-Jan-2025 16:33:03.288 INFO [main] org.apache.catalina.startup.VersionLoggerListener.log 명령 행 아규먼트:  --add-opens=java.base/java.io=ALL-UNNAMED
07-Jan-2025 16:33:03.288 INFO [main] org.apache.catalina.startup.VersionLoggerListener.log 명령 행 아규먼트:  --add-opens=java.base/java.util=ALL-UNNAMED
07-Jan-2025 16:33:03.289 INFO [main] org.apache.catalina.startup.VersionLoggerListener.log 명령 행 아규먼트:  --add-opens=java.base/java.util.concurrent=ALL-UNNAMED
07-Jan-2025 16:33:03.289 INFO [main] org.apache.catalina.startup.VersionLoggerListener.log 명령 행 아규먼트:  --add-opens=java.rmi/sun.rmi.transport=ALL-UNNAMED
07-Jan-2025 16:33:03.289 INFO [main] org.apache.catalina.startup.VersionLoggerListener.log 명령 행 아규먼트:  -Dcatalina.home=C:\Program Files\Apache Software Foundation\apache-tomcat-9.0.97
07-Jan-2025 16:33:03.289 INFO [main] org.apache.catalina.startup.VersionLoggerListener.log 명령 행 아규먼트:  -Dcatalina.base=C:\Users\1\Desktop\Downloads\livinglabas
07-Jan-2025 16:33:03.289 INFO [main] org.apache.catalina.startup.VersionLoggerListener.log 명령 행 아규먼트:  -Djava.io.tmpdir=C:\Users\1\Desktop\Downloads\livinglabas\temp
07-Jan-2025 16:33:03.289 INFO [main] org.apache.catalina.startup.VersionLoggerListener.log 명령 행 아규먼트:  -Djava.util.logging.config.file=C:\Users\1\Desktop\Downloads\livinglabas\conf\logging.properties
07-Jan-2025 16:33:03.289 INFO [main] org.apache.catalina.startup.VersionLoggerListener.log 명령 행 아규먼트:  -Djava.util.logging.manager=org.apache.juli.ClassLoaderLogManager
07-Jan-2025 16:33:03.289 INFO [main] org.apache.catalina.startup.VersionLoggerListener.log 명령 행 아규먼트:  -javaagent:C:\Program Files\JetBrains\IntelliJ IDEA 2023.1.2\lib\idea_rt.jar=6388:C:\Program Files\JetBrains\IntelliJ IDEA 2023.1.2\bin
07-Jan-2025 16:33:03.289 INFO [main] org.apache.catalina.startup.VersionLoggerListener.log 명령 행 아규먼트:  -Dfile.encoding=UTF-8
07-Jan-2025 16:33:03.289 INFO [main] org.apache.catalina.startup.VersionLoggerListener.log 명령 행 아규먼트:  -Dsun.stdout.encoding=UTF-8
07-Jan-2025 16:33:03.289 INFO [main] org.apache.catalina.startup.VersionLoggerListener.log 명령 행 아규먼트:  -Dsun.stderr.encoding=UTF-8
07-Jan-2025 16:33:03.292 INFO [main] org.apache.catalina.core.AprLifecycleListener.lifecycleEvent APR 버전 [1.7.4]을(를) 사용한, APR 기반 Apache Tomcat Native 라이브러리 [1.3.1]을(를) 로드했습니다.
07-Jan-2025 16:33:03.292 INFO [main] org.apache.catalina.core.AprLifecycleListener.lifecycleEvent APR 용량정보들: IPv6 [true], sendfile [true], accept filters [false], random [true], UDS [true].
07-Jan-2025 16:33:03.292 INFO [main] org.apache.catalina.core.AprLifecycleListener.lifecycleEvent APR/OpenSSL 설정: useAprConnector [false], useOpenSSL [true]
07-Jan-2025 16:33:03.297 INFO [main] org.apache.catalina.core.AprLifecycleListener.initializeSSL OpenSSL이 성공적으로 초기화되었습니다: [OpenSSL 3.0.14 4 Jun 2024]
07-Jan-2025 16:33:03.566 INFO [main] org.apache.coyote.AbstractProtocol.init 프로토콜 핸들러 ["http-nio-8082"]을(를) 초기화합니다.
07-Jan-2025 16:33:03.584 INFO [main] org.apache.catalina.startup.Catalina.load [438] 밀리초 내에 서버가 초기화되었습니다.
07-Jan-2025 16:33:03.630 INFO [main] org.apache.catalina.core.StandardService.startInternal 서비스 [Catalina]을(를) 시작합니다.
07-Jan-2025 16:33:03.631 INFO [main] org.apache.catalina.core.StandardEngine.startInternal 서버 엔진을 시작합니다: [Apache Tomcat/9.0.97]
07-Jan-2025 16:33:03.645 INFO [main] org.apache.catalina.startup.HostConfig.deployDescriptor 배치 descriptor [C:\Users\1\Desktop\Downloads\livinglabas\conf\Catalina\localhost\ROOT.xml]을(를) 배치합니다.
07-Jan-2025 16:33:04.046 INFO [main] org.apache.catalina.startup.HostConfig.deployDescriptor 배치 descriptor [C:\Users\1\Desktop\Downloads\livinglabas\conf\Catalina\localhost\ROOT.xml]의 배치가 [399] 밀리초 내에 완료되었습니다.
07-Jan-2025 16:33:04.049 INFO [main] org.apache.coyote.AbstractProtocol.start 프로토콜 핸들러 ["http-nio-8082"]을(를) 시작합니다.
07-Jan-2025 16:33:04.066 INFO [main] org.apache.catalina.startup.Catalina.start 서버가 [480] 밀리초 내에 시작되었습니다.
07-Jan-2025 16:35:21.878 INFO [Thread-1] org.apache.coyote.AbstractProtocol.pause 프로토콜 핸들러 ["http-nio-8082"]을(를) 일시 정지 중
07-Jan-2025 16:35:21.883 INFO [Thread-1] org.apache.catalina.core.StandardService.stopInternal 서비스 [Catalina]을(를) 중지시킵니다.
07-Jan-2025 16:35:21.889 INFO [Thread-1] org.apache.coyote.AbstractProtocol.stop 프로토콜 핸들러 ["http-nio-8082"]을(를) 중지시킵니다.
07-Jan-2025 16:35:21.893 INFO [Thread-1] org.apache.coyote.AbstractProtocol.destroy 프로토콜 핸들러 ["http-nio-8082"]을(를) 소멸시킵니다.
07-Jan-2025 16:35:23.274 INFO [main] org.apache.catalina.startup.VersionLoggerListener.log 서버 버전 이름:    Apache Tomcat/9.0.97
07-Jan-2025 16:35:23.276 INFO [main] org.apache.catalina.startup.VersionLoggerListener.log Server 빌드 시각:  Nov 6 2024 19:55:19 UTC
07-Jan-2025 16:35:23.276 INFO [main] org.apache.catalina.startup.VersionLoggerListener.log Server 버전 번호:  9.0.97.0
07-Jan-2025 16:35:23.277 INFO [main] org.apache.catalina.startup.VersionLoggerListener.log 운영체제 이름:     Windows 10
07-Jan-2025 16:35:23.277 INFO [main] org.apache.catalina.startup.VersionLoggerListener.log 운영체제 버전:     10.0
07-Jan-2025 16:35:23.277 INFO [main] org.apache.catalina.startup.VersionLoggerListener.log 아키텍처:          amd64
07-Jan-2025 16:35:23.277 INFO [main] org.apache.catalina.startup.VersionLoggerListener.log 자바 홈:           C:\Program Files\Java\jdk-23
07-Jan-2025 16:35:23.277 INFO [main] org.apache.catalina.startup.VersionLoggerListener.log JVM 버전:          23.0.1+11-39
07-Jan-2025 16:35:23.277 INFO [main] org.apache.catalina.startup.VersionLoggerListener.log JVM 벤더:          Oracle Corporation
07-Jan-2025 16:35:23.277 INFO [main] org.apache.catalina.startup.VersionLoggerListener.log CATALINA_BASE:     C:\Users\1\Desktop\Downloads\livinglabas
07-Jan-2025 16:35:23.277 INFO [main] org.apache.catalina.startup.VersionLoggerListener.log CATALINA_HOME:     C:\Program Files\Apache Software Foundation\apache-tomcat-9.0.97
07-Jan-2025 16:35:23.282 INFO [main] org.apache.catalina.startup.VersionLoggerListener.log 명령 행 아규먼트:  --add-opens=java.base/java.lang=ALL-UNNAMED
07-Jan-2025 16:35:23.283 INFO [main] org.apache.catalina.startup.VersionLoggerListener.log 명령 행 아규먼트:  --add-opens=java.base/java.io=ALL-UNNAMED
07-Jan-2025 16:35:23.283 INFO [main] org.apache.catalina.startup.VersionLoggerListener.log 명령 행 아규먼트:  --add-opens=java.base/java.util=ALL-UNNAMED
07-Jan-2025 16:35:23.283 INFO [main] org.apache.catalina.startup.VersionLoggerListener.log 명령 행 아규먼트:  --add-opens=java.base/java.util.concurrent=ALL-UNNAMED
07-Jan-2025 16:35:23.283 INFO [main] org.apache.catalina.startup.VersionLoggerListener.log 명령 행 아규먼트:  --add-opens=java.rmi/sun.rmi.transport=ALL-UNNAMED
07-Jan-2025 16:35:23.283 INFO [main] org.apache.catalina.startup.VersionLoggerListener.log 명령 행 아규먼트:  -Dcatalina.home=C:\Program Files\Apache Software Foundation\apache-tomcat-9.0.97
07-Jan-2025 16:35:23.283 INFO [main] org.apache.catalina.startup.VersionLoggerListener.log 명령 행 아규먼트:  -Dcatalina.base=C:\Users\1\Desktop\Downloads\livinglabas
07-Jan-2025 16:35:23.283 INFO [main] org.apache.catalina.startup.VersionLoggerListener.log 명령 행 아규먼트:  -Djava.io.tmpdir=C:\Users\1\Desktop\Downloads\livinglabas\temp
07-Jan-2025 16:35:23.283 INFO [main] org.apache.catalina.startup.VersionLoggerListener.log 명령 행 아규먼트:  -Djava.util.logging.config.file=C:\Users\1\Desktop\Downloads\livinglabas\conf\logging.properties
07-Jan-2025 16:35:23.283 INFO [main] org.apache.catalina.startup.VersionLoggerListener.log 명령 행 아규먼트:  -Djava.util.logging.manager=org.apache.juli.ClassLoaderLogManager
07-Jan-2025 16:35:23.283 INFO [main] org.apache.catalina.startup.VersionLoggerListener.log 명령 행 아규먼트:  -javaagent:C:\Program Files\JetBrains\IntelliJ IDEA 2023.1.2\lib\idea_rt.jar=6585:C:\Program Files\JetBrains\IntelliJ IDEA 2023.1.2\bin
07-Jan-2025 16:35:23.283 INFO [main] org.apache.catalina.startup.VersionLoggerListener.log 명령 행 아규먼트:  -Dfile.encoding=UTF-8
07-Jan-2025 16:35:23.283 INFO [main] org.apache.catalina.startup.VersionLoggerListener.log 명령 행 아규먼트:  -Dsun.stdout.encoding=UTF-8
07-Jan-2025 16:35:23.283 INFO [main] org.apache.catalina.startup.VersionLoggerListener.log 명령 행 아규먼트:  -Dsun.stderr.encoding=UTF-8
07-Jan-2025 16:35:23.286 INFO [main] org.apache.catalina.core.AprLifecycleListener.lifecycleEvent APR 버전 [1.7.4]을(를) 사용한, APR 기반 Apache Tomcat Native 라이브러리 [1.3.1]을(를) 로드했습니다.
07-Jan-2025 16:35:23.286 INFO [main] org.apache.catalina.core.AprLifecycleListener.lifecycleEvent APR 용량정보들: IPv6 [true], sendfile [true], accept filters [false], random [true], UDS [true].
07-Jan-2025 16:35:23.286 INFO [main] org.apache.catalina.core.AprLifecycleListener.lifecycleEvent APR/OpenSSL 설정: useAprConnector [false], useOpenSSL [true]
07-Jan-2025 16:35:23.291 INFO [main] org.apache.catalina.core.AprLifecycleListener.initializeSSL OpenSSL이 성공적으로 초기화되었습니다: [OpenSSL 3.0.14 4 Jun 2024]
07-Jan-2025 16:35:23.620 INFO [main] org.apache.coyote.AbstractProtocol.init 프로토콜 핸들러 ["http-nio-8082"]을(를) 초기화합니다.
07-Jan-2025 16:35:23.637 INFO [main] org.apache.catalina.startup.Catalina.load [544] 밀리초 내에 서버가 초기화되었습니다.
07-Jan-2025 16:35:23.674 INFO [main] org.apache.catalina.core.StandardService.startInternal 서비스 [Catalina]을(를) 시작합니다.
07-Jan-2025 16:35:23.674 INFO [main] org.apache.catalina.core.StandardEngine.startInternal 서버 엔진을 시작합니다: [Apache Tomcat/9.0.97]
07-Jan-2025 16:35:23.681 INFO [main] org.apache.catalina.startup.HostConfig.deployDescriptor 배치 descriptor [C:\Users\1\Desktop\Downloads\livinglabas\conf\Catalina\localhost\ROOT.xml]을(를) 배치합니다.
07-Jan-2025 16:35:24.038 WARNING [main] org.apache.tomcat.util.descriptor.web.WebXml.setVersion 알 수 없는 버전 문자열 [6.0]. 기본 버전이 사용될 것입니다.
07-Jan-2025 16:35:24.073 WARNING [main] org.apache.tomcat.util.descriptor.web.WebXml.setVersion 알 수 없는 버전 문자열 [6.0]. 기본 버전이 사용될 것입니다.
07-Jan-2025 16:35:24.079 WARNING [main] org.apache.tomcat.util.descriptor.web.WebXml.setVersion 알 수 없는 버전 문자열 [5.0]. 기본 버전이 사용될 것입니다.
07-Jan-2025 16:35:28.510 INFO [main] org.apache.jasper.servlet.TldScanner.scanJars 적어도 하나의 JAR가 TLD들을 찾기 위해 스캔되었으나 아무 것도 찾지 못했습니다. 스캔했으나 TLD가 없는 JAR들의 전체 목록을 보시려면, 로그 레벨을 디버그 레벨로 설정하십시오. 스캔 과정에서 불필요한 JAR들을 건너뛰면, 시스템 시작 시간과 JSP 컴파일 시간을 단축시킬 수 있습니다.
07-Jan-2025 16:35:28.561 INFO [main] org.apache.catalina.startup.HostConfig.deployDescriptor 배치 descriptor [C:\Users\1\Desktop\Downloads\livinglabas\conf\Catalina\localhost\ROOT.xml]의 배치가 [4,877] 밀리초 내에 완료되었습니다.
07-Jan-2025 16:35:28.565 INFO [main] org.apache.coyote.AbstractProtocol.start 프로토콜 핸들러 ["http-nio-8082"]을(를) 시작합니다.
07-Jan-2025 16:35:28.585 INFO [main] org.apache.catalina.startup.Catalina.start 서버가 [4946] 밀리초 내에 시작되었습니다.
07-Jan-2025 16:43:39.187 INFO [Catalina-utility-1] org.apache.catalina.users.MemoryUserDatabase.backgroundProcess 변경된 소스 [file:/C:/Users/1/Desktop/Downloads/livinglabas/conf/tomcat-users.xml](으)로부터 메모리 사용자 데이터베이스 [UserDatabase]을(를) 다시 로드합니다.
07-Jan-2025 16:43:39.188 SEVERE [Catalina-utility-1] org.apache.catalina.users.MemoryUserDatabase.open 지정된 사용자 데이터베이스 [conf/tomcat-users.xml]을(를) 찾을 수 없었습니다.
07-Jan-2025 16:43:39.697 INFO [Catalina-utility-1] org.apache.catalina.startup.HostConfig.undeploy 컨텍스트 []의 배치를 제거합니다.
07-Jan-2025 16:46:52.790 INFO [Thread-1] org.apache.coyote.AbstractProtocol.pause 프로토콜 핸들러 ["http-nio-8082"]을(를) 일시 정지 중
07-Jan-2025 16:46:52.795 INFO [Thread-1] org.apache.catalina.core.StandardService.stopInternal 서비스 [Catalina]을(를) 중지시킵니다.
07-Jan-2025 16:46:52.796 INFO [Thread-1] org.apache.coyote.AbstractProtocol.stop 프로토콜 핸들러 ["http-nio-8082"]을(를) 중지시킵니다.
07-Jan-2025 16:46:52.797 INFO [Thread-1] org.apache.coyote.AbstractProtocol.destroy 프로토콜 핸들러 ["http-nio-8082"]을(를) 소멸시킵니다.
